Diagnose log at 2026-04-28T15:27:47Z

AppPath: C:\Program Files\Git\mingw64\bin\git-credential-manager.exe
InstallDir: C:\Program Files\Git\mingw64\bin\
Version: 2.7.0+d1dd8a4ded75a2b1faae653157ac1699609442ad

------------
Diagnostic: Environment
Skipped: False
Success: True
Exception: None
Log:
OSType: Windows
OSVersion: 10.0 (build 26200)
Reading environment variables... OK
 Variables:
OneDriveConsumer=C:\Users\mohds\OneDrive
ProgramFiles(x86)=C:\Program Files (x86)
MSYSTEM=MINGW64
ProgramW6432=C:\Program Files
PROCESSOR_IDENTIFIER=Intel64 Family 6 Model 140 Stepping 1, GenuineIntel
TMP=C:\Users\mohds\AppData\Local\Temp
EFC_4084_3789132940=1
GIT_PAGER=cat
Path=C:/Program Files/Git/mingw64/libexec/git-core;C:\Program Files\Git\mingw64\bin;C:\Program Files\Git\usr\bin;C:\Users\mohds\bin;C:\WINDOWS\system32;C:\WINDOWS;C:\WINDOWS\System32\Wbem;C:\WINDOWS\System32\WindowsPowerShell\v1.0\;C:\Program Files\dotnet\;C:\Program Files\nodejs\;C:\Program Files\Git\cmd;C:\Program Files (x86)\cloudflared\;C:\Users\mohds\gsd-source\sdk\bin;C:\Users\mohds\AppData\Local\Microsoft\WindowsApps;C:\Users\mohds\AppData\Local\Muse Hub\lib;C:\Users\mohds\OneDrive\Pictures\STREAMFLIX\bin;C:\Users\mohds\AppData\Roaming\npm;C:\Users\mohds\AppData\Local\Programs\Qoder\bin;C:\Users\mohds\AppData\Local\Programs\Windsurf\bin;C:\Users\mohds\AppData\Local\Programs\Antigravity\bin;C:\Users\mohds\AppData\Local\Python\bin
VSCODE_GIT_ASKPASS_MAIN=c:\Users\mohds\AppData\Local\Programs\Qoder\resources\app\extensions\git\dist\askpass-main.js
VSCODE_GIT_IPC_HANDLE=\\.\pipe\vscode-git-ebd07a41e3-sock
USERDOMAIN_ROAMINGPROFILE=LAPTOP-8CC0LKC6
PROCESSOR_REVISION=8c01
TMPDIR=C:\Users\mohds\AppData\Local\Temp
FEATURE_FLAGS={"authUserPlanTierName":true,"welcomeFirstLaunchKey":"qoder.firstLaunch","welcomeOnboardingUseCustomStyle":false,"questModeSupportRemote":true,"repoWikiEnable":true,"codebaseIgnoreFileName":".qoderignore","chatDefaultMode":"agent","currentPlanTitleKey":"application.config.general.plan.currentPlan.title","enableCreditUsage":true,"hasDedicatedUrlSetting":false,"showWelcomeMessage":false,"showModelTierSelector":true,"showModelSelector":false,"preferredLanguageSupportOnlyZhAndEn":false,"enableSecurityFilter":false,"enableCodeChanges":false,"enableGitCommit":false,"enableUserPlanUpgrade":true,"defaultBigModelEndpoint":"https://center.qoder.sh","improvementPlanSetting":true,"supportOrganizationCommand":false,"enableDynamicConfig":true,"qoderDirectAuth":true,"feedbackMethodIsEmail":true,"supportBrowserAgent":true,"supportVoiceInput":true,"questSupportExample":true,"questSupportModelConfig":true,"isQoderByokType":true,"supportPersonalTokenLogin":false,"pendingQueryNamespace":"qoder","supportExpertsMode":true,"questSupportSupabase":true,"supportAkSkLogin":false,"commit":"5c023d5571f4399e0d279cde94ed7a74948178be","date":"2026-04-27T12:42:07.093Z","checksums":{"vs/base/parts/sandbox/electron-browser/preload.js":"ayPLy0f0Yx17HK5dn7Zs1WOq5KcZ6uHsrgadKC8IipY","vs/workbench/workbench.desktop.main.js":"x9rh5FdWw7dXVznrYJS7iDOyeDG8UIdkAndaW+QVdoA","vs/workbench/workbench.desktop.main.css":"RfbnRgLlYDeKBGetAOn3wdlw2VHRJ4nA13w8n0qE33A","vs/workbench/api/node/extensionHostProcess.js":"RRCugl9EHjT9ckLZn6DyJ0HubrmJuxqtg7E4K8xA73M","vs/code/electron-browser/workbench/workbench.html":"HMczP8qp+nYZtPp3lyGGy5FYfpcizEPW92k5BTc2BGk","vs/code/electron-browser/workbench/workbench.js":"YnsbZeacx61feNRtdBkRxLgNKlS7Sc2eIUEZkdQ5gXw"},"version":"0.15.0"}
TEMP=C:\Users\mohds\AppData\Local\Temp
USERPROFILE=C:\Users\mohds
LOGONSERVER=\\LAPTOP-8CC0LKC6
TERM=xterm-256color
USERNAME=mohds
SystemRoot=C:\WINDOWS
CHROME_CRASHPAD_PIPE_NAME=\\.\pipe\crashpad_15240_BKPHNYEBTHPCDJTH
GIT_EXEC_PATH=C:/Program Files/Git/mingw64/libexec/git-core
VSCODE_PREVENT_SHELL_HISTORY=1
PLINK_PROTOCOL=ssh
EFC_4084_2775293581=1
QODER_AGENT=true
OneDrive=C:\Users\mohds\OneDrive
PROCESSOR_ARCHITECTURE=AMD64
CommonProgramFiles=C:\Program Files\Common Files
npm_config_yes=true
SystemDrive=C:
VSCODE_PYTHON_AUTOACTIVATE_GUARD=1
ProgramData=C:\ProgramData
LANG=en_US.UTF-8
GIT_ASKPASS=c:\Users\mohds\AppData\Local\Programs\Qoder\resources\app\extensions\git\dist\askpass.sh
HOMEPATH=\Users\mohds
IGCCSVC_DB=AQAAANCMnd8BFdERjHoAwE/Cl+sBAAAATB0fxDSeHUix0prHfQKNEQQAAAACAAAAAAAQZgAAAAEAACAAAAAs0jfWhp+EkV3ieULUQq8CnHcGATpB3I3Ymj/2WR6ZHQAAAAAOgAAAAAIAACAAAADGuqzrWRO4SvpklO5z2TgSApCUMFqevkfPO2g24SkxAGAAAAD5hrKGjyLsa6rItCJI+bk9paUaaVC9FSOD+zQzqYmTwyh1GEWvDvUHik0DClHb4oCrZq7/zL82LDTAxi9yDVryRShFXmkAraZ/MtRsOlqQxuZZelqS4UvLzIsgfbWB/zdAAAAAmqTCyCaW6HQG+7yDYWcMzDMDRMXVvZJWyWwBK/xzLhVF5KaTdASrvk05ND92AXbnRYESPUdJIbp3FE4v9FF2Jw==
COMPUTERNAME=LAPTOP-8CC0LKC6
EFC_4084_1262719628=1
VSCODE_INJECTION=1
ALLUSERSPROFILE=C:\ProgramData
CommonProgramW6432=C:\Program Files\Common Files
devmgr_show_nonpresent_devices=1
__PSLockDownPolicy=0
PIP_NO_INPUT=true
SESSIONNAME=Console
DISABLE_AUTO_UPDATE=true
QODER_IDE=1
DriverData=C:\Windows\System32\Drivers\DriverData
HOMEDRIVE=C:
windir=C:\WINDOWS
GIT_TRACE2_PARENT_SID=b3af2bad-8bf6-4048-816b-e4ef7f9c24d5
EFC_4084_2283032206=1
NUMBER_OF_PROCESSORS=8
OS=Windows_NT
ZES_ENABLE_SYSMAN=1
ProgramFiles=C:\Program Files
ComSpec=C:\WINDOWS\system32\cmd.exe
ORIGINAL_XDG_CURRENT_DESKTOP=undefined
PATHEXT=.COM;.EXE;.BAT;.CMD;.VBS;.VBE;.JS;.JSE;.WSF;.WSH;.MSC;.CPL
HOME=C:\Users\mohds
PSModulePath=C:\Users\mohds\OneDrive\Documents\WindowsPowerShell\Modules;C:\Program Files\WindowsPowerShell\Modules;C:\WINDOWS\system32\WindowsPowerShell\v1.0\Modules
EFC_4084_1592913036=1
APPDATA=C:\Users\mohds\AppData\Roaming
USERDOMAIN=LAPTOP-8CC0LKC6
PROCESSOR_LEVEL=6
LOCALAPPDATA=C:\Users\mohds\AppData\Local
VSCODE_GIT_ASKPASS_NODE=C:\Users\mohds\AppData\Local\Programs\Qoder\Qoder.exe
TERM_PROGRAM_VERSION=1.106.3
CommonProgramFiles(x86)=C:\Program Files (x86)\Common Files
COLORTERM=truecolor
PUBLIC=C:\Users\Public
TERM_PROGRAM=vscode
VSCODE_GIT_ASKPASS_EXTRA_ARGS=


------------
Diagnostic: File system
Skipped: False
Success: True
Exception: None
Log:
Temporary directory is 'C:\Users\mohds\AppData\Local\Temp\'...
Checking basic file I/O...
Writing to temporary file 'C:\Users\mohds\AppData\Local\Temp\20984aa7857c2c6310b04775'... OK
Reading from temporary file 'C:\Users\mohds\AppData\Local\Temp\20984aa7857c2c6310b04775'... OK
Deleting temporary file 'C:\Users\mohds\AppData\Local\Temp\20984aa7857c2c6310b04775'... OK
Testing IFileSystem instance...
UserHomePath: C:\Users\mohds
UserDataDirectoryPath: C:\Users\mohds\.gcm
GetCurrentDirectory(): C:\Users\mohds\Music\GD FETCHER

------------
Diagnostic: Networking
Skipped: False
Success: True
Exception: None
Log:
Checking networking and HTTP stack...
Creating HTTP client... OK
IsNetworkAvailable: True
Sending HEAD request to http://example.com...Sending HEAD request to https://example.com... OK
 OK
Acquiring free TCP port... OK
Testing local HTTP loopback connections...
Creating new HTTP listener for http://localhost:38562/... OK
Waiting for loopback connection... OK
Writing response... OK
Waiting for response data... OK
Loopback connection data OK

------------
Diagnostic: Git
Skipped: False
Success: True
Exception: None
Log:
Getting Git version... OK
Git version is '2.53.0.windows.1'
Locating current repository...Git repository at 'C:/Users/mohds/Music/GD FETCHER/.git'
 OK
Listing all Git configuration... OK
Git configuration:
file:C:/Program Files/Git/etc/gitconfig	diff.astextplain.textconv=astextplain
file:C:/Program Files/Git/etc/gitconfig	filter.lfs.clean=git-lfs clean -- %f
file:C:/Program Files/Git/etc/gitconfig	filter.lfs.smudge=git-lfs smudge -- %f
file:C:/Program Files/Git/etc/gitconfig	filter.lfs.process=git-lfs filter-process
file:C:/Program Files/Git/etc/gitconfig	filter.lfs.required=true
file:C:/Program Files/Git/etc/gitconfig	http.sslbackend=schannel
file:C:/Program Files/Git/etc/gitconfig	core.autocrlf=true
file:C:/Program Files/Git/etc/gitconfig	core.fscache=true
file:C:/Program Files/Git/etc/gitconfig	core.symlinks=false
file:C:/Program Files/Git/etc/gitconfig	pull.rebase=false
file:C:/Program Files/Git/etc/gitconfig	credential.helper=manager
file:C:/Program Files/Git/etc/gitconfig	credential.https://dev.azure.com.usehttppath=true
file:C:/Program Files/Git/etc/gitconfig	init.defaultbranch=master
file:C:/Users/mohds/.gitconfig	safe.directory=*
file:C:/Users/mohds/.gitconfig	filter.lfs.required=true
file:C:/Users/mohds/.gitconfig	filter.lfs.clean=git-lfs clean -- %f
file:C:/Users/mohds/.gitconfig	filter.lfs.smudge=git-lfs smudge -- %f
file:C:/Users/mohds/.gitconfig	filter.lfs.process=git-lfs filter-process
file:C:/Users/mohds/.gitconfig	user.name=batman6777666
file:C:/Users/mohds/.gitconfig	user.email=batman6777666@users.noreply.github.com
file:C:/Users/mohds/.gitconfig	credential.helper=manager
file:.git/config	core.repositoryformatversion=0
file:.git/config	core.filemode=false
file:.git/config	core.bare=false
file:.git/config	core.logallrefupdates=true
file:.git/config	core.symlinks=false
file:.git/config	core.ignorecase=true
file:.git/config	branch.main.vscode-merge-base=origin/main
file:.git/config	remote.origin.url=https://github.com/batman6777666/gd-links-fetcher.git
file:.git/config	remote.origin.fetch=+refs/heads/*:refs/remotes/origin/*


------------
Diagnostic: Credential storage
Skipped: False
Success: True
Exception: None
Log:
ICredentialStore instance is of type: CredentialStore
Writing test credential... OK
Reading test credential... OK
Deleting test credential... OK

------------
Diagnostic: Microsoft authentication (AAD/MSA)
Skipped: False
Success: True
Exception: None
Log:
Broker is not enabled.
Flow type is: Auto
Gathering MSAL token cache data... OK
CacheDirectory: C:\Users\mohds\AppData\Local\.IdentityService
CacheFileName: msal.cache
CacheFilePath: C:\Users\mohds\AppData\Local\.IdentityService\msal.cache
Creating cache helper... OK
Verifying MSAL token cache persistence... OK

------------
Diagnostic: GitHub API
Skipped: False
Success: True
Exception: None
Log:
Using 'https://github.com/' as API target.
Querying '/meta' endpoint... OK

