2026-05-02T01:29:13.025Z - 📊 System time: 2/5/2026, 6:59:13 am - Process ID: 14984
2026-05-02T01:29:43.064Z - 🌐 Hugging Face Space activity maintained - 2 cycles completed
2026-05-02T01:30:13.081Z - 💻 Memory usage: 4MB
2026-05-02T01:30:43.091Z - ⏰ Next activity check in 30 seconds...
2026-05-02T01:31:13.107Z - 🔧 Maintaining backend service availability
2026-05-02T01:31:43.117Z - 📈 Active connections: 6 - Uptime: 0h 2m 30s
2026-05-02T01:32:13.122Z - 🔄 Continuous logging to prevent space suspension
2026-05-02T01:32:43.125Z - ✅ [2026-05-02T01:32:43.125Z] Keep alive active - Count: 8 - Uptime: 0h 3m 30s
2026-05-02T01:33:13.133Z - 📊 System time: 2/5/2026, 7:03:13 am - Process ID: 14984
2026-05-02T01:33:43.139Z - 🌐 Hugging Face Space activity maintained - 10 cycles completed
2026-05-02T01:34:13.153Z - 💻 Memory usage: 4MB
2026-05-02T01:34:43.158Z - ⏰ Next activity check in 30 seconds...
2026-05-02T01:35:13.162Z - 🔧 Maintaining backend service availability
2026-05-02T01:35:43.168Z - 📈 Active connections: 14 - Uptime: 0h 6m 30s
2026-05-02T01:36:13.176Z - 🔄 Continuous logging to prevent space suspension
2026-05-02T01:36:43.179Z - ✅ [2026-05-02T01:36:43.179Z] Keep alive active - Count: 16 - Uptime: 0h 7m 30s
2026-05-02T01:37:13.193Z - 📊 System time: 2/5/2026, 7:07:13 am - Process ID: 14984
2026-05-02T01:37:43.199Z - 🌐 Hugging Face Space activity maintained - 18 cycles completed
2026-05-02T01:38:13.204Z - 💻 Memory usage: 5MB
2026-05-02T01:38:43.208Z - ⏰ Next activity check in 30 seconds...
2026-05-02T01:39:13.213Z - 🔧 Maintaining backend service availability
2026-05-02T01:39:43.217Z - 📈 Active connections: 22 - Uptime: 0h 10m 30s
2026-05-02T01:40:13.220Z - 🔄 Continuous logging to prevent space suspension
2026-05-02T01:40:43.222Z - ✅ [2026-05-02T01:40:43.222Z] Keep alive active - Count: 24 - Uptime: 0h 11m 30s
2026-05-02T01:41:13.228Z - 📊 System time: 2/5/2026, 7:11:13 am - Process ID: 14984
2026-05-02T01:41:43.230Z - 🌐 Hugging Face Space activity maintained - 26 cycles completed
2026-05-02T01:42:13.238Z - 💻 Memory usage: 5MB
2026-05-02T01:42:43.249Z - ⏰ Next activity check in 30 seconds...
2026-05-02T01:43:13.253Z - 🔧 Maintaining backend service availability
2026-05-02T01:43:43.257Z - 📈 Active connections: 30 - Uptime: 0h 14m 30s
2026-05-02T01:44:13.261Z - 🔄 Continuous logging to prevent space suspension
2026-05-02T01:44:43.270Z - ✅ [2026-05-02T01:44:43.270Z] Keep alive active - Count: 32 - Uptime: 0h 15m 30s
2026-05-02T01:45:13.286Z - 📊 System time: 2/5/2026, 7:15:13 am - Process ID: 14984
2026-05-02T01:45:43.293Z - 🌐 Hugging Face Space activity maintained - 34 cycles completed
2026-05-02T01:46:13.297Z - 💻 Memory usage: 5MB
2026-05-02T01:46:43.313Z - ⏰ Next activity check in 30 seconds...
2026-05-02T01:47:13.314Z - 🔧 Maintaining backend service availability
2026-05-02T01:47:43.323Z - 📈 Active connections: 38 - Uptime: 0h 18m 30s
2026-05-02T01:48:13.325Z - 🔄 Continuous logging to prevent space suspension
2026-05-02T01:48:43.334Z - ✅ [2026-05-02T01:48:43.334Z] Keep alive active - Count: 40 - Uptime: 0h 19m 30s
2026-05-02T01:49:13.346Z - 📊 System time: 2/5/2026, 7:19:13 am - Process ID: 14984
2026-05-02T01:49:43.348Z - 🌐 Hugging Face Space activity maintained - 42 cycles completed
2026-05-02T01:50:13.360Z - 💻 Memory usage: 5MB
2026-05-02T01:50:43.369Z - ⏰ Next activity check in 30 seconds...
2026-05-02T07:21:13.580Z - 🔧 Maintaining backend service availability
2026-05-02T07:21:43.593Z - 📈 Active connections: 46 - Uptime: 5h 52m 30s
2026-05-02T07:22:13.609Z - 🔄 Continuous logging to prevent space suspension
2026-05-02T07:22:43.615Z - ✅ [2026-05-02T07:22:43.615Z] Keep alive active - Count: 48 - Uptime: 5h 53m 30s
